<?xml version="1.0" encoding="UTF-8"?>
<testsuite xmlns:xsi="http://www.w3.org/2001/XMLSchema-instance" xsi:noNamespaceSchemaLocation="https://maven.apache.org/surefire/maven-surefire-plugin/xsd/surefire-test-report-3.0.xsd" version="3.0" name="test_runner.TestRunner" time="49.104" tests="3" errors="0" skipped="0" failures="0">
  <properties>
[...]
</properties>
  <testcase name="Create/Delete objects UI" classname="Automated CRUD" time="8.829">
    <system-out><![CDATA[
@Automated
Scenario Outline: Create/Delete objects UI                                                           &amp#27;[90m# src/test/java/features/AutomatedCRUD.feature:12&amp#27;[0m
  &amp#27;[32mGiven &amp#27;[0m&amp#27;[32mI as a user create board with name &amp#27;[0m&amp#27;[32m&amp#27;[1m"MyBoard"&amp#27;[0m                                                 &amp#27;[90m# step_definitions.MyStepdefs.iAsAUserCreateBoardWithName(java.lang.String)&amp#27;[0m
  &amp#27;[32mAnd &amp#27;[0m&amp#27;[32mI as a user create list with name &amp#27;[0m&amp#27;[32m&amp#27;[1m"MyList"&amp#27;[0m&amp#27;[32m in board with name &amp#27;[0m&amp#27;[32m&amp#27;[1m"MyBoard"&amp#27;[0m                        &amp#27;[90m# step_definitions.MyStepdefs.iAsAUserCreateListWithNameInBoardWithName(java.lang.String,java.lang.String)&amp#27;[0m
  &amp#27;[32mAnd &amp#27;[0m&amp#27;[32mI as a user create card with name &amp#27;[0m&amp#27;[32m&amp#27;[1m"MyCard"&amp#27;[0m&amp#27;[32m in list with name &amp#27;[0m&amp#27;[32m&amp#27;[1m"MyList"&amp#27;[0m&amp#27;[32m from the board &amp#27;[0m&amp#27;[32m&amp#27;[1m"MyBoard"&amp#27;[0m &amp#27;[90m# step_definitions.MyStepdefs.iAsAUserCreateCardWithNameInListWithNameFromTheBoard(java.lang.String,java.lang.String,java.lang.String)&amp#27;[0m
  &amp#27;[32mAnd &amp#27;[0m&amp#27;[32mI remove the card with name &amp#27;[0m&amp#27;[32m&amp#27;[1m"MyCard"&amp#27;[0m&amp#27;[32m from the list &amp#27;[0m&amp#27;[32m&amp#27;[1m"MyList"&amp#27;[0m&amp#27;[32m of board &amp#27;[0m&amp#27;[32m&amp#27;[1m"MyBoard"&amp#27;[0m                 &amp#27;[90m# step_definitions.MyStepdefs.iRemoveTheCardWithNameFromTheListOfBoard(java.lang.String,java.lang.String,java.lang.String)&amp#27;[0m
  &amp#27;[32mWhen &amp#27;[0m&amp#27;[32mI remove the board with name &amp#27;[0m&amp#27;[32m&amp#27;[1m"MyBoard"&amp#27;[0m                                                        &amp#27;[90m# step_definitions.MyStepdefs.iRemoveTheBoardWithName(java.lang.String)&amp#27;[0m
]]></system-out>
  </testcase>
  <testcase name="set maximum boards API" classname="Automated CRUD" time="21.601">
    <system-out><![CDATA[
@Automated
Scenario: set maximum boards API                                 &amp#27;[90m# src/test/java/features/AutomatedCRUD.feature:14&amp#27;[0m
  &amp#27;[32mGiven &amp#27;[0m&amp#27;[32mI as a user create &amp#27;[0m&amp#27;[32m&amp#27;[1m11&amp#27;[0m&amp#27;[32m boards with name &amp#27;[0m&amp#27;[32m&amp#27;[1m"BoardName"&amp#27;[0m       &amp#27;[90m# step_definitions.MyStepdefs.iAsAUserCreateBoardsWithName(int,java.lang.String)&amp#27;[0m
  &amp#27;[32mThen &amp#27;[0m&amp#27;[32mI as a user should got respond: &amp#27;[0m&amp#27;[32m&amp#27;[1m"Board must be in a team"&amp#27;[0m &amp#27;[90m# step_definitions.MyStepdefs.iAsAUserShouldGotRespond(java.lang.String)&amp#27;[0m
]]></system-out>
  </testcase>
  <testcase name="modify existing board API" classname="Automated CRUD" time="18.494">
    <system-out><![CDATA[
@Automated
Scenario: modify existing board API                                                                      &amp#27;[90m# src/test/java/features/AutomatedCRUD.feature:19&amp#27;[0m
Chrome test starting ...
  &amp#27;[32mGiven &amp#27;[0m&amp#27;[32mI as a user open navigate to url &amp#27;[0m&amp#27;[32m&amp#27;[1m"http://trello.com"&amp#27;[0m&amp#27;[32m using browser &amp#27;[0m&amp#27;[32m&amp#27;[1m"Chrome"&amp#27;[0m                      &amp#27;[90m# step_definitions.MyStepdefs.iAsAUserOpenNavigateToUrlUsingBrowser(java.lang.String,java.lang.String)&amp#27;[0m
  &amp#27;[32mAnd &amp#27;[0m&amp#27;[32mI as a user login to trello with credentials username &amp#27;[0m&amp#27;[32m&amp#27;[1m"mdmerle@gmail.com"&amp#27;[0m&amp#27;[32m and password: &amp#27;[0m&amp#27;[32m&amp#27;[1m"p@ssworD"&amp#27;[0m &amp#27;[90m# step_definitions.MyStepdefs.iAsAUserLoginToTrelloWithCredentialsUsernameAndPassword(java.lang.String,java.lang.String)&amp#27;[0m
  &amp#27;[32mWhen &amp#27;[0m&amp#27;[32mI as a user create board with name &amp#27;[0m&amp#27;[32m&amp#27;[1m"BoardName"&amp#27;[0m                                                    &amp#27;[90m# step_definitions.MyStepdefs.iAsAUserCreateBoardWithName(java.lang.String)&amp#27;[0m
  &amp#27;[32mAnd &amp#27;[0m&amp#27;[32mI as a user open the board with name &amp#27;[0m&amp#27;[32m&amp#27;[1m"BoardName"&amp#27;[0m                                                   &amp#27;[90m# step_definitions.MyStepdefs.iAsAUserOpenTheBoardWithName(java.lang.String)&amp#27;[0m
  &amp#27;[32mAnd &amp#27;[0m&amp#27;[32mI as a user modify the board name from &amp#27;[0m&amp#27;[32m&amp#27;[1m"BoardName"&amp#27;[0m&amp#27;[32m to &amp#27;[0m&amp#27;[32m&amp#27;[1m"#$%*^(%R"&amp#27;[0m                                   &amp#27;[90m# step_definitions.MyStepdefs.iAsAUserModifyTheBoardNameFromTo(java.lang.String,java.lang.String)&amp#27;[0m
  &amp#27;[32mAnd &amp#27;[0m&amp#27;[32mI as a user click on Board link&amp#27;[0m                                                                    &amp#27;[90m# step_definitions.MyStepdefs.iAsAUserClickOnBoardLink()&amp#27;[0m
  &amp#27;[32mThen &amp#27;[0m&amp#27;[32mboard name should be &amp#27;[0m&amp#27;[32m&amp#27;[1m"#$%*^(%R"&amp#27;[0m                                                                   &amp#27;[90m# step_definitions.MyStepdefs.boardNameShouldBe(java.lang.String)&amp#27;[0m
]]></system-out>
    <system-err><![CDATA[Starting ChromeDriver 111.0.5563.64 (c710e93d5b63b7095afe8c2c17df34408078439d-refs/branch-heads/5563@{#995}) on port 12732
Only local connections are allowed.
Please see https://chromedriver.chromium.org/security-considerations for suggestions on keeping ChromeDriver safe.
ChromeDriver was started successfully.
Mar 16, 2023 5:17:08 PM org.openqa.selenium.devtools.CdpVersionFinder findNearestMatch
WARNING: Unable to find an exact match for CDP version 111, so returning the closest version found: 110
]]></system-err>
  </testcase>
</testsuite>