<?xml version="1.0" encoding="UTF-8"?>
<testng-results ignored="0" total="0" passed="0" failed="0" skipped="0">
  <reporter-output>
  </reporter-output>
  <suite started-at="2023-03-08T16:46:59 CET" name="test_runner.TestRunner" finished-at="2023-03-08T16:46:59 CET" duration-ms="9">
    <groups>
    </groups>
    <test started-at="2023-03-08T16:46:59 CET" name="Command line test" finished-at="2023-03-08T16:46:59 CET" duration-ms="9">
    </test> <!-- Command line test -->
  </suite> <!-- test_runner.TestRunner -->
</testng-results>
