<?xml version="1.0" encoding="UTF-8" ?>
<testsuite tests="1" failures="0" name="test_runner.TestRunner" time="1.963" errors="1" skipped="0">
  <properties>
[...]
</properties>
  <testcase classname="CRUD" name="modify existing board" time="1.963">
    <error message="Unable to establish websocket connection to http://localhost:57651/devtools/browser/ea9c4489-4646-41dd-b511-5cb456e9a958
Build info: version: &apos;4.8.1&apos;, revision: &apos;8ebccac989&apos;
System info: os.name: &apos;Windows 11&apos;, os.arch: &apos;amd64&apos;, os.version: &apos;10.0&apos;, java.version: &apos;17.0.5&apos;
Driver info: driver.version: Driver" type="org.openqa.selenium.remote.http.ConnectionFailedException">org.openqa.selenium.remote.http.ConnectionFailedException: Unable to establish websocket connection to http://localhost:57651/devtools/browser/ea9c4489-4646-41dd-b511-5cb456e9a958
Build info: version: &apos;4.8.1&apos;, revision: &apos;8ebccac989&apos;
System info: os.name: &apos;Windows 11&apos;, os.arch: &apos;amd64&apos;, os.version: &apos;10.0&apos;, java.version: &apos;17.0.5&apos;
Driver info: driver.version: Driver
	at org.openqa.selenium.remote.http.netty.NettyWebSocket.&lt;init&gt;(NettyWebSocket.java:102)
	at org.openqa.selenium.remote.http.netty.NettyWebSocket.lambda$create$3(NettyWebSocket.java:128)
	at org.openqa.selenium.remote.http.netty.NettyClient.openSocket(NettyClient.java:107)
	at org.openqa.selenium.devtools.Connection.&lt;init&gt;(Connection.java:78)
	at org.openqa.selenium.chromium.ChromiumDriver.lambda$new$2(ChromiumDriver.java:116)
	at java.base/java.util.Optional.map(Optional.java:260)
	at org.openqa.selenium.chromium.ChromiumDriver.&lt;init&gt;(ChromiumDriver.java:114)
	at org.openqa.selenium.chrome.ChromeDriver.&lt;init&gt;(ChromeDriver.java:82)
	at org.openqa.selenium.chrome.ChromeDriver.&lt;init&gt;(ChromeDriver.java:50)
	at wrappers.Driver.setWebDriver(Driver.java:27)
	at step_definitions.MyStepdefs.iAsAUserOpenNavigateToUrlUsingBrowser(MyStepdefs.java:95)
	at ✽.I as a user open navigate to url &quot;trello.com&quot; using browser &quot;Chrome&quot;(file:///C:/dev/API_Remembers/src/test/java/features/TestLib.feature:18)
</error>
    <system-out>
Scenario: modify existing board                                                               &amp;#27;[90m# src/test/java/features/TestLib.feature:17&amp;#27;[0m
Chrome test starting ...
  &amp;#27;[31mGiven &amp;#27;[0m&amp;#27;[31mI as a user open navigate to url &amp;#27;[0m&amp;#27;[31m&amp;#27;[1m&quot;trello.com&quot;&amp;#27;[0m&amp;#27;[31m using browser &amp;#27;[0m&amp;#27;[31m&amp;#27;[1m&quot;Chrome&quot;&amp;#27;[0m                  &amp;#27;[90m# step_definitions.MyStepdefs.iAsAUserOpenNavigateToUrlUsingBrowser(java.lang.String,java.lang.String)&amp;#27;[0m
      &amp;#27;[31morg.openqa.selenium.remote.http.ConnectionFailedException: Unable to establish websocket connection to http://localhost:57651/devtools/browser/ea9c4489-4646-41dd-b511-5cb456e9a958
Build info: version: &apos;4.8.1&apos;, revision: &apos;8ebccac989&apos;
System info: os.name: &apos;Windows 11&apos;, os.arch: &apos;amd64&apos;, os.version: &apos;10.0&apos;, java.version: &apos;17.0.5&apos;
Driver info: driver.version: Driver
	at org.openqa.selenium.remote.http.netty.NettyWebSocket.&lt;init&gt;(NettyWebSocket.java:102)
	at org.openqa.selenium.remote.http.netty.NettyWebSocket.lambda$create$3(NettyWebSocket.java:128)
	at org.openqa.selenium.remote.http.netty.NettyClient.openSocket(NettyClient.java:107)
	at org.openqa.selenium.devtools.Connection.&lt;init&gt;(Connection.java:78)
	at org.openqa.selenium.chromium.ChromiumDriver.lambda$new$2(ChromiumDriver.java:116)
	at java.base/java.util.Optional.map(Optional.java:260)
	at org.openqa.selenium.chromium.ChromiumDriver.&lt;init&gt;(ChromiumDriver.java:114)
	at org.openqa.selenium.chrome.ChromeDriver.&lt;init&gt;(ChromeDriver.java:82)
	at org.openqa.selenium.chrome.ChromeDriver.&lt;init&gt;(ChromeDriver.java:50)
	at wrappers.Driver.setWebDriver(Driver.java:27)
	at step_definitions.MyStepdefs.iAsAUserOpenNavigateToUrlUsingBrowser(MyStepdefs.java:95)
	at ✽.I as a user open navigate to url &quot;trello.com&quot; using browser &quot;Chrome&quot;(file:///C:/dev/API_Remembers/src/test/java/features/TestLib.feature:18)
&amp;#27;[0m
  &amp;#27;[36mAnd &amp;#27;[0m&amp;#27;[36mI as a user login to trello with credentials username &amp;#27;[0m&amp;#27;[36m&amp;#27;[1m&quot;dmytro&quot;&amp;#27;[0m&amp;#27;[36m and password: &amp;#27;[0m&amp;#27;[36m&amp;#27;[1m&quot;p@ssworD&quot;&amp;#27;[0m &amp;#27;[90m# step_definitions.MyStepdefs.iAsAUserLoginToTrelloWithCredentialsUsernameAndPassword(java.lang.String,java.lang.String)&amp;#27;[0m
  &amp;#27;[36mWhen &amp;#27;[0m&amp;#27;[36mI as a user create board with name &amp;#27;[0m&amp;#27;[36m&amp;#27;[1m&quot;BoardName&quot;&amp;#27;[0m                                         &amp;#27;[90m# step_definitions.MyStepdefs.iAsAUserCreateBoardWithName(java.lang.String)&amp;#27;[0m
  &amp;#27;[36mAnd &amp;#27;[0m&amp;#27;[36mI as a user open the board with name &amp;#27;[0m&amp;#27;[36m&amp;#27;[1m&quot;BoardName&quot;&amp;#27;[0m                                        &amp;#27;[90m# step_definitions.MyStepdefs.iAsAUserOpenTheBoardWithName(java.lang.String)&amp;#27;[0m
  &amp;#27;[36mAnd &amp;#27;[0m&amp;#27;[36mI as a user modify the board name from &amp;#27;[0m&amp;#27;[36m&amp;#27;[1m&quot;BoardName&quot;&amp;#27;[0m&amp;#27;[36m to &amp;#27;[0m&amp;#27;[36m&amp;#27;[1m&quot;#$%*^(%R&quot;&amp;#27;[0m                        &amp;#27;[90m# step_definitions.MyStepdefs.iAsAUserModifyTheBoardNameFromTo(java.lang.String,java.lang.String)&amp;#27;[0m
  &amp;#27;[36mAnd &amp;#27;[0m&amp;#27;[36mI as a user click on Board link&amp;#27;[0m                                                         &amp;#27;[90m# step_definitions.MyStepdefs.iAsAUserClickOnBoardLink()&amp;#27;[0m
  &amp;#27;[36mThen &amp;#27;[0m&amp;#27;[36mboard name should be &amp;#27;[0m&amp;#27;[36m&amp;#27;[1m&quot;#$%*^(%R&quot;&amp;#27;[0m                                                        &amp;#27;[90m# step_definitions.MyStepdefs.boardNameShouldBe(java.lang.String)&amp;#27;[0m
</system-out>
    <system-err>Starting ChromeDriver 111.0.5563.64 (c710e93d5b63b7095afe8c2c17df34408078439d-refs/branch-heads/5563@{#995}) on port 27578
Only local connections are allowed.
Please see https://chromedriver.chromium.org/security-considerations for suggestions on keeping ChromeDriver safe.
ChromeDriver was started successfully.
Mar 13, 2023 9:50:17 PM org.openqa.selenium.remote.http.WebSocket$Listener onError
WARNING: Invalid Status code=403 text=Forbidden
java.io.IOException: Invalid Status code=403 text=Forbidden
	at org.asynchttpclient.netty.handler.WebSocketHandler.abort(WebSocketHandler.java:92)
	at org.asynchttpclient.netty.handler.WebSocketHandler.handleRead(WebSocketHandler.java:118)
	at org.asynchttpclient.netty.handler.AsyncHttpClientHandler.channelRead(AsyncHttpClientHandler.java:78)
	at io.netty.channel.AbstractChannelHandlerContext.invokeChannelRead(AbstractChannelHandlerContext.java:444)
	at io.netty.channel.AbstractChannelHandlerContext.invokeChannelRead(AbstractChannelHandlerContext.java:420)
	at io.netty.channel.AbstractChannelHandlerContext.fireChannelRead(AbstractChannelHandlerContext.java:412)
	at io.netty.channel.CombinedChannelDuplexHandler$DelegatingChannelHandlerContext.fireChannelRead(CombinedChannelDuplexHandler.java:436)
	at io.netty.handler.codec.ByteToMessageDecoder.fireChannelRead(ByteToMessageDecoder.java:346)
	at io.netty.handler.codec.ByteToMessageDecoder.fireChannelRead(ByteToMessageDecoder.java:333)
	at io.netty.handler.codec.ByteToMessageDecoder.callDecode(ByteToMessageDecoder.java:454)
	at io.netty.handler.codec.ByteToMessageDecoder.channelRead(ByteToMessageDecoder.java:290)
	at io.netty.channel.CombinedChannelDuplexHandler.channelRead(CombinedChannelDuplexHandler.java:251)
	at io.netty.channel.AbstractChannelHandlerContext.invokeChannelRead(AbstractChannelHandlerContext.java:442)
	at io.netty.channel.AbstractChannelHandlerContext.invokeChannelRead(AbstractChannelHandlerContext.java:420)
	at io.netty.channel.AbstractChannelHandlerContext.fireChannelRead(AbstractChannelHandlerContext.java:412)
	at io.netty.channel.DefaultChannelPipeline$HeadContext.channelRead(DefaultChannelPipeline.java:1410)
	at io.netty.channel.AbstractChannelHandlerContext.invokeChannelRead(AbstractChannelHandlerContext.java:440)
	at io.netty.channel.AbstractChannelHandlerContext.invokeChannelRead(AbstractChannelHandlerContext.java:420)
	at io.netty.channel.DefaultChannelPipeline.fireChannelRead(DefaultChannelPipeline.java:919)
	at io.netty.channel.nio.AbstractNioByteChannel$NioByteUnsafe.read(AbstractNioByteChannel.java:166)
	at io.netty.channel.nio.NioEventLoop.processSelectedKey(NioEventLoop.java:788)
	at io.netty.channel.nio.NioEventLoop.processSelectedKeysOptimized(NioEventLoop.java:724)
	at io.netty.channel.nio.NioEventLoop.processSelectedKeys(NioEventLoop.java:650)
	at io.netty.channel.nio.NioEventLoop.run(NioEventLoop.java:562)
	at io.netty.util.concurrent.SingleThreadEventExecutor$4.run(SingleThreadEventExecutor.java:997)
	at io.netty.util.internal.ThreadExecutorMap$2.run(ThreadExecutorMap.java:74)
	at io.netty.util.concurrent.FastThreadLocalRunnable.run(FastThreadLocalRunnable.java:30)
	at java.base/java.lang.Thread.run(Thread.java:833)

</system-err>
  </testcase>
</testsuite>